<?xml version="1.0" encoding="UTF-8"?>
<!-- Generated by org.testng.reporters.JUnitXMLReporter -->
<testsuite ignored="0" hostname="Andy" failures="0" tests="3" name="Default test" time="31.943" errors="0" timestamp="2021-10-25T18:35:11 IST">
  <testcase classname="com.netbanking.testcases.GoogleSearchTest" name="googleserach" time="10.946"/>
  <testcase classname="com.netbanking.testcases.GoogleSearchTest" name="gmailclick" time="11.679"/>
  <testcase classname="com.netbanking.testcases.GoogleSearchTest" name="clickmarathi" time="5.795"/>
</testsuite> <!-- Default test -->
